0 info it worked if it ends with ok
1 verbose cli [ 'node', '/Users/tim98210/local/bin/npm', 'install' ]
2 info using npm@1.2.15
3 info using node@v0.10.1
4 verbose read json /Users/tim98210/Sites/player-toneden/package.json
5 error install Couldn't read dependencies
6 error Error: ENOENT, open '/Users/tim98210/Sites/player-toneden/package.json'
7 error If you need help, you may report this log at:
7 error     <http://github.com/isaacs/npm/issues>
7 error or email it to:
7 error     <npm-@googlegroups.com>
8 error System Darwin 13.1.0
9 error command "node" "/Users/tim98210/local/bin/npm" "install"
10 error cwd /Users/tim98210/Sites/player-toneden
11 error node -v v0.10.1
12 error npm -v 1.2.15
13 error path /Users/tim98210/Sites/player-toneden/package.json
14 error code ENOENT
15 error errno 34
16 verbose exit [ 34, true ]
